<?xml version="1.0" encoding="UTF-8"?>
<robot generator="Robot 4.1.2 (Python 3.10.0 on win32)" generated="20211128 23:21:35.369" rpa="false" schemaversion="2">
<suite id="s1" name="Test" source="C:\Users\Dell\PycharmProjects\RobotFramework\Testcases\Test.robot">
<test id="s1-t1" name="Open Browser To Login Page">
<kw name="Open Browser" library="SeleniumLibrary">
<arg>http://secure.smartbearsoftware.com/</arg>
<arg>chrome</arg>
<doc>Opens a new browser instance to the optional ``url``.</doc>
<msg timestamp="20211128 23:21:37.695" level="INFO">Opening browser 'chrome' to base url 'http://secure.smartbearsoftware.com/'.</msg>
<status status="PASS" starttime="20211128 23:21:37.695" endtime="20211128 23:22:11.751"/>
</kw>
<kw name="Maximize Browser Window" library="SeleniumLibrary">
<doc>Maximizes current browser window.</doc>
<status status="PASS" starttime="20211128 23:22:11.751" endtime="20211128 23:22:12.013"/>
</kw>
<kw name="Set Selenium Speed" library="SeleniumLibrary">
<arg>${DELAY}</arg>
<doc>Sets the delay that is waited after each Selenium command.</doc>
<status status="PASS" starttime="20211128 23:22:12.014" endtime="20211128 23:22:12.014"/>
</kw>
<status status="PASS" starttime="20211128 23:21:37.695" endtime="20211128 23:22:12.015"/>
</test>
<test id="s1-t2" name="Go To Login Page">
<kw name="Go To" library="SeleniumLibrary">
<arg>${LOGIN URL}</arg>
<doc>Navigates the current browser window to the provided ``url``.</doc>
<msg timestamp="20211128 23:22:12.016" level="INFO">Opening url 'http://secure.smartbearsoftware.com/samples/testcomplete11/WebOrders/login.aspx'</msg>
<status status="PASS" starttime="20211128 23:22:12.016" endtime="20211128 23:22:14.803"/>
</kw>
<status status="PASS" starttime="20211128 23:22:12.015" endtime="20211128 23:22:14.803"/>
</test>
<test id="s1-t3" name="Input Username">
<kw name="Input Text" library="SeleniumLibrary">
<arg>ctl00_MainContent_username</arg>
<arg>${VALID USER}</arg>
<doc>Types the given ``text`` into the text field identified by ``locator``.</doc>
<msg timestamp="20211128 23:22:14.807" level="INFO">Typing text 'Tester' into text field 'ctl00_MainContent_username'.</msg>
<status status="PASS" starttime="20211128 23:22:14.806" endtime="20211128 23:22:15.795"/>
</kw>
<status status="PASS" starttime="20211128 23:22:14.805" endtime="20211128 23:22:15.795"/>
</test>
<test id="s1-t4" name="Input Password">
<kw name="Input Text" library="SeleniumLibrary">
<arg>ctl00$MainContent$password</arg>
<arg>${VALID PASSWORD}</arg>
<doc>Types the given ``text`` into the text field identified by ``locator``.</doc>
<msg timestamp="20211128 23:22:15.795" level="INFO">Typing text 'test' into text field 'ctl00$MainContent$password'.</msg>
<status status="PASS" starttime="20211128 23:22:15.795" endtime="20211128 23:22:16.389"/>
</kw>
<status status="PASS" starttime="20211128 23:22:15.795" endtime="20211128 23:22:16.390"/>
</test>
<test id="s1-t5" name="Submit Credentials">
<kw name="Click Button" library="SeleniumLibrary">
<arg>ctl00$MainContent$login_button</arg>
<doc>Clicks the button identified by ``locator``.</doc>
<msg timestamp="20211128 23:22:16.391" level="INFO">Clicking button 'ctl00$MainContent$login_button'.</msg>
<status status="PASS" starttime="20211128 23:22:16.391" endtime="20211128 23:22:20.212"/>
</kw>
<status status="PASS" starttime="20211128 23:22:16.390" endtime="20211128 23:22:20.212"/>
</test>
<test id="s1-t6" name="Welcome Page Should Be Open">
<kw name="Location Should Be" library="SeleniumLibrary">
<arg>${WELCOME URL}</arg>
<doc>Verifies that the current URL is exactly ``url``.</doc>
<msg timestamp="20211128 23:22:20.220" level="INFO">Current location is 'http://secure.smartbearsoftware.com/samples/TestComplete11/WebOrders/default.aspx'.</msg>
<status status="PASS" starttime="20211128 23:22:20.214" endtime="20211128 23:22:20.220"/>
</kw>
<kw name="Title Should Be" library="SeleniumLibrary">
<arg>Web Orders</arg>
<doc>Verifies that the current page title equals ``title``.</doc>
<msg timestamp="20211128 23:22:20.263" level="INFO">Page title is 'Web Orders'.</msg>
<status status="PASS" starttime="20211128 23:22:20.221" endtime="20211128 23:22:20.263"/>
</kw>
<status status="PASS" starttime="20211128 23:22:20.213" endtime="20211128 23:22:20.263"/>
</test>
<test id="s1-t7" name="Close Browser">
<kw name="Close Browser" library="SeleniumLibrary">
<doc>Closes the current browser.</doc>
<status status="PASS" starttime="20211128 23:22:20.265" endtime="20211128 23:22:23.879"/>
</kw>
<status status="PASS" starttime="20211128 23:22:20.264" endtime="20211128 23:22:23.879"/>
</test>
<status status="PASS" starttime="20211128 23:21:35.385" endtime="20211128 23:22:23.879"/>
</suite>
<statistics>
<total>
<stat pass="7" fail="0" skip="0">All Tests</stat>
</total>
<tag>
</tag>
<suite>
<stat pass="7" fail="0" skip="0" id="s1" name="Test">Test</stat>
</suite>
</statistics>
<errors>
</errors>
</robot>
